<?xml version="1.0" encoding="UTF-8"?>
<!-- Generated by org.testng.reporters.JUnitReportReporter -->
<testsuite skipped="0" hostname="DESKTOP-81M737A" name="com.cts.java.test.ConsoleMenuTest" tests="4" failures="0" timestamp="27 Aug 2017 01:06:17 GMT" time="0.025" errors="0">
  <testcase name="testEmployeeIdNegative" time="0.009" classname="com.cts.java.test.ConsoleMenuTest"/>
  <testcase name="testEmployeeNameEmpty" time="0.003" classname="com.cts.java.test.ConsoleMenuTest"/>
  <testcase name="testEmployeeNameNull" time="0.002" classname="com.cts.java.test.ConsoleMenuTest"/>
  <testcase name="testEmployeeId0" time="0.011" classname="com.cts.java.test.ConsoleMenuTest"/>
</testsuite> <!-- com.cts.java.test.ConsoleMenuTest -->
